Wed, 01 Apr 2026 09:14:15 +0000 [WARNING] request="dbf329e7e8c56" component="TYPO3.CMS.Core.Type.File.ImageInfo": I could not retrieve the image size for file /var/www/html/typo3/sysext/install/Resources/Public/Images/TestInput/Test.ai 
Wed, 01 Apr 2026 09:14:20 +0000 [WARNING] request="1ce0e771b925e" component="TYPO3.CMS.Core.Type.File.ImageInfo": I could not retrieve the image size for file /var/www/html/typo3/sysext/install/Resources/Public/Images/TestInput/Test.pdf 
Wed, 08 Apr 2026 07:56:56 +0000 [ERROR] request="1134ba2f7302d" component="TYPO3.CMS.Core.Localization.Locales": Locale "en_US.UTF-8" and  "en_US" not found. 
Wed, 08 Apr 2026 07:56:56 +0000 [ALERT] request="1134ba2f7302d" component="TYPO3.CMS.Frontend.Controller.TypoScriptFrontendController": No TypoScript template found! 
Wed, 08 Apr 2026 07:59:10 +0000 [ERROR] request="83209d4da5384" component="TYPO3.CMS.Core.Localization.Locales": Locale "en_US.UTF-8" and  "en_US" not found. 
Wed, 08 Apr 2026 08:18:53 +0000 [ERROR] request="de87cf50a375f" component="TYPO3.CMS.Core.Localization.Locales": Locale "en_US.UTF-8" and  "en_US" not found. 
Wed, 08 Apr 2026 08:19:33 +0000 [ERROR] request="e044ecb5b2973" component="TYPO3.CMS.Core.Localization.Locales": Locale "en_US.UTF-8" and  "en_US" not found. 
Wed, 08 Apr 2026 08:21:09 +0000 [ERROR] request="9203b76aef41a" component="TYPO3.CMS.Core.Localization.Locales": Locale "en_US.UTF-8" and  "en_US" not found. 
Wed, 08 Apr 2026 08:21:17 +0000 [ERROR] request="820c27da88506" component="TYPO3.CMS.Core.Localization.Locales": Locale "en_US.UTF-8" and  "en_US" not found. 
Wed, 08 Apr 2026 08:21:26 +0000 [ERROR] request="c9ad168326230" component="TYPO3.CMS.Core.Localization.Locales": Locale "en_US.UTF-8" and  "en_US" not found. 
Wed, 08 Apr 2026 08:21:41 +0000 [ERROR] request="7f5cc635f8d2b" component="TYPO3.CMS.Core.Localization.Locales": Locale "en_US.UTF-8" and  "en_US" not found. 
Wed, 08 Apr 2026 08:21:58 +0000 [ERROR] request="3a59046796634" component="TYPO3.CMS.Core.Localization.Locales": Locale "en_US.UTF-8" and  "en_US" not found. 
Wed, 08 Apr 2026 08:54:38 +0000 [ERROR] request="91484ad77a09b" component="TYPO3.CMS.Core.Localization.Locales": Locale "en_US.UTF-8" and  "en_US" not found. 
Wed, 08 Apr 2026 09:08:11 +0000 [ERROR] request="be8316744c8a7" component="TYPO3.CMS.Core.Localization.Locales": Locale "en_US.UTF-8" and  "en_US" not found. 
Wed, 08 Apr 2026 09:08:20 +0000 [ERROR] request="8d2229c056aff" component="TYPO3.CMS.Core.Localization.Locales": Locale "en_US.UTF-8" and  "en_US" not found. 
Wed, 08 Apr 2026 09:10:16 +0000 [ERROR] request="a79e61458ddfa" component="TYPO3.CMS.Core.Localization.Locales": Locale "en_US.UTF-8" and  "en_US" not found. 
Wed, 08 Apr 2026 09:18:29 +0000 [ERROR] request="7d8214dc3c4e8" component="TYPO3.CMS.Core.Localization.Locales": Locale "en_US.UTF-8" and  "en_US" not found. 
Wed, 08 Apr 2026 09:28:18 +0000 [ERROR] request="3368fe05b7dbe" component="TYPO3.CMS.Core.Localization.Locales": Locale "en_US.UTF-8" and  "en_US" not found. 
Wed, 08 Apr 2026 09:28:53 +0000 [ERROR] request="32fd53b5ce40d" component="TYPO3.CMS.Core.Localization.Locales": Locale "en_US.UTF-8" and  "en_US" not found. 
Wed, 08 Apr 2026 09:37:47 +0000 [ERROR] request="e400ca6d09ac9" component="TYPO3.CMS.Core.Localization.Locales": Locale "en_US.UTF-8" and  "en_US" not found. 
Wed, 08 Apr 2026 09:38:38 +0000 [ERROR] request="acd77d3437ddd" component="TYPO3.CMS.Core.Localization.Locales": Locale "en_US.UTF-8" and  "en_US" not found. 
Wed, 08 Apr 2026 09:48:42 +0000 [ERROR] request="3b4a972f83d61" component="TYPO3.CMS.Core.Localization.Locales": Locale "en_US.UTF-8" and  "en_US" not found. 
Wed, 08 Apr 2026 09:59:03 +0000 [ERROR] request="df5d745a98242" component="TYPO3.CMS.Core.Localization.Locales": Locale "en_US.UTF-8" and  "en_US" not found. 
Wed, 08 Apr 2026 10:01:15 +0000 [ERROR] request="ed08d3c32d80e" component="TYPO3.CMS.Core.Localization.Locales": Locale "en_US.UTF-8" and  "en_US" not found. 
Wed, 08 Apr 2026 10:14:24 +0000 [ERROR] request="a731b79d03272" component="TYPO3.CMS.Core.Localization.Locales": Locale "en_US.UTF-8" and  "en_US" not found. 
Wed, 15 Apr 2026 07:52:48 +0000 [ERROR] request="080408f7673c8" component="TYPO3.CMS.Core.Localization.Locales": Locale "en_US.UTF-8" and  "en_US" not found. 
Wed, 15 Apr 2026 07:52:48 +0000 [ERROR] request="080408f7673c8" component="TYPO3.CMS.Core.Domain.Repository.PageRepository": Page shortcuts were looping in uids 3,3...! 
Wed, 15 Apr 2026 07:52:48 +0000 [CRITICAL] request="080408f7673c8" component="TYPO3.CMS.Core.Error.ProductionExceptionHandler": Core: Exception handler (WEB): Uncaught TYPO3 Exception: #1294587212: Page shortcuts were looping in uids 3,3...! | RuntimeException thrown in file /var/www/html/typo3_src-10.4.37/typo3/sysext/core/Classes/Domain/Repository/PageRepository.php in line 1024. Requested URL: http://localhost:8081/projekt/ - {"TYPO3_MODE":"FE","exception":null}
Wed, 15 Apr 2026 07:54:11 +0000 [ERROR] request="94c3b9e0e312b" component="TYPO3.CMS.Core.Localization.Locales": Locale "en_US.UTF-8" and  "en_US" not found. 
Wed, 15 Apr 2026 07:55:01 +0000 [ERROR] request="7c0ea11612dd2" component="TYPO3.CMS.Core.Localization.Locales": Locale "en_US.UTF-8" and  "en_US" not found. 
Wed, 15 Apr 2026 08:46:18 +0000 [ERROR] request="c0f517e171b71" component="TYPO3.CMS.Core.Localization.Locales": Locale "en_US.UTF-8" and  "en_US" not found. 
Wed, 15 Apr 2026 08:57:18 +0000 [ERROR] request="206081ce11374" component="TYPO3.CMS.Core.Localization.Locales": Locale "en_US.UTF-8" and  "en_US" not found. 
Wed, 15 Apr 2026 08:57:35 +0000 [ERROR] request="a294d1d25ce79" component="TYPO3.CMS.Core.Localization.Locales": Locale "en_US.UTF-8" and  "en_US" not found. 
Wed, 15 Apr 2026 08:57:36 +0000 [ERROR] request="4418e7db1f37a" component="TYPO3.CMS.Core.Localization.Locales": Locale "en_US.UTF-8" and  "en_US" not found. 
Wed, 15 Apr 2026 08:57:36 +0000 [ERROR] request="16051e8b184bf" component="TYPO3.CMS.Core.Localization.Locales": Locale "en_US.UTF-8" and  "en_US" not found. 
Wed, 15 Apr 2026 08:57:37 +0000 [ERROR] request="287bab48ec06f" component="TYPO3.CMS.Core.Localization.Locales": Locale "en_US.UTF-8" and  "en_US" not found. 
Wed, 15 Apr 2026 08:57:38 +0000 [ERROR] request="686c61802d3a2" component="TYPO3.CMS.Core.Localization.Locales": Locale "en_US.UTF-8" and  "en_US" not found. 
Wed, 15 Apr 2026 08:57:39 +0000 [ERROR] request="960f5722549e1" component="TYPO3.CMS.Core.Localization.Locales": Locale "en_US.UTF-8" and  "en_US" not found. 
Wed, 15 Apr 2026 08:57:39 +0000 [ERROR] request="1542cdb972d5a" component="TYPO3.CMS.Core.Localization.Locales": Locale "en_US.UTF-8" and  "en_US" not found. 
Wed, 15 Apr 2026 08:58:53 +0000 [ERROR] request="5628f46e805e0" component="TYPO3.CMS.Core.Localization.Locales": Locale "en_US.UTF-8" and  "en_US" not found. 
Wed, 15 Apr 2026 08:59:07 +0000 [ERROR] request="4cbc592a5183b" component="TYPO3.CMS.Core.Localization.Locales": Locale "en_US.UTF-8" and  "en_US" not found. 
Wed, 15 Apr 2026 09:03:52 +0000 [ERROR] request="643d51bf4c5dc" component="TYPO3.CMS.Core.Localization.Locales": Locale "en_US.UTF-8" and  "en_US" not found. 
Wed, 15 Apr 2026 09:04:53 +0000 [ERROR] request="04622d07709ca" component="TYPO3.CMS.Core.Localization.Locales": Locale "en_US.UTF-8" and  "en_US" not found. 
Tue, 21 Apr 2026 15:11:08 +0000 [ERROR] request="d07c0c4a4fd2a" component="TYPO3.CMS.Core.Localization.Locales": Locale "en_US.UTF-8" and  "en_US" not found. 
Mon, 04 May 2026 15:28:07 +0000 [ERROR] request="a33a0707bc8a8" component="TYPO3.CMS.Core.Localization.Locales": Locale "en_US.UTF-8" and  "en_US" not found. 
Mon, 04 May 2026 15:28:07 +0000 [ERROR] request="a33a0707bc8a8" component="TYPO3.CMS.Core.Domain.Repository.PageRepository": Page shortcuts were looping in uids 3,3...! 
Mon, 04 May 2026 15:28:07 +0000 [CRITICAL] request="a33a0707bc8a8" component="TYPO3.CMS.Core.Error.ProductionExceptionHandler": Core: Exception handler (WEB): Uncaught TYPO3 Exception: #1294587212: Page shortcuts were looping in uids 3,3...! | RuntimeException thrown in file /var/www/html/typo3_src-10.4.37/typo3/sysext/core/Classes/Domain/Repository/PageRepository.php in line 1024. Requested URL: http://localhost:8081/projekt/ - {"TYPO3_MODE":"FE","exception":null}
Mon, 04 May 2026 15:29:00 +0000 [ERROR] request="ee982110f1a70" component="TYPO3.CMS.Core.Localization.Locales": Locale "en_US.UTF-8" and  "en_US" not found. 
Mon, 04 May 2026 15:29:00 +0000 [ERROR] request="ee982110f1a70" component="TYPO3.CMS.Core.Domain.Repository.PageRepository": Page shortcuts were looping in uids 3,3...! 
Mon, 04 May 2026 15:29:00 +0000 [CRITICAL] request="ee982110f1a70" component="TYPO3.CMS.Core.Error.ProductionExceptionHandler": Core: Exception handler (WEB): Uncaught TYPO3 Exception: #1294587212: Page shortcuts were looping in uids 3,3...! | RuntimeException thrown in file /var/www/html/typo3_src-10.4.37/typo3/sysext/core/Classes/Domain/Repository/PageRepository.php in line 1024. Requested URL: http://localhost:8081/projekt/ - {"TYPO3_MODE":"FE","exception":null}
Mon, 04 May 2026 15:31:20 +0000 [ERROR] request="58b5770ff54d4" component="TYPO3.CMS.Core.Localization.Locales": Locale "en_US.UTF-8" and  "en_US" not found. 
Mon, 04 May 2026 15:31:20 +0000 [ERROR] request="2a9ae1dc82bd9" component="TYPO3.CMS.Core.Localization.Locales": Locale "en_US.UTF-8" and  "en_US" not found. 
Mon, 04 May 2026 15:31:34 +0000 [ERROR] request="1928e464b1ac9" component="TYPO3.CMS.Core.Localization.Locales": Locale "en_US.UTF-8" and  "en_US" not found. 
Mon, 04 May 2026 15:41:41 +0000 [ERROR] request="8d297f8579a90" component="TYPO3.CMS.Core.Localization.Locales": Locale "en_US.UTF-8" and  "en_US" not found. 
Mon, 04 May 2026 15:41:41 +0000 [ERROR] request="8d297f8579a90" component="TYPO3.CMS.Core.Domain.Repository.PageRepository": Page shortcuts were looping in uids 3,3...! 
Mon, 04 May 2026 15:41:41 +0000 [CRITICAL] request="8d297f8579a90" component="TYPO3.CMS.Core.Error.ProductionExceptionHandler": Core: Exception handler (WEB): Uncaught TYPO3 Exception: #1294587212: Page shortcuts were looping in uids 3,3...! | RuntimeException thrown in file /var/www/html/typo3_src-10.4.37/typo3/sysext/core/Classes/Domain/Repository/PageRepository.php in line 1024. Requested URL: http://localhost:8081/projekt/ - {"TYPO3_MODE":"FE","exception":null}
Mon, 04 May 2026 15:41:51 +0000 [ERROR] request="cf49706380a98" component="TYPO3.CMS.Core.Localization.Locales": Locale "en_US.UTF-8" and  "en_US" not found. 
Mon, 04 May 2026 15:41:52 +0000 [ERROR] request="9a4ae1c8300c0" component="TYPO3.CMS.Core.Localization.Locales": Locale "en_US.UTF-8" and  "en_US" not found. 
Mon, 04 May 2026 15:47:44 +0000 [ERROR] request="111bc77ab1d6e" component="TYPO3.CMS.Core.Localization.Locales": Locale "en_US.UTF-8" and  "en_US" not found. 
Mon, 04 May 2026 15:47:51 +0000 [ERROR] request="8fd0a5172258b" component="TYPO3.CMS.Core.Localization.Locales": Locale "en_US.UTF-8" and  "en_US" not found. 
Mon, 04 May 2026 15:47:51 +0000 [ERROR] request="72dd19e83d0e9" component="TYPO3.CMS.Core.Localization.Locales": Locale "en_US.UTF-8" and  "en_US" not found. 
Mon, 04 May 2026 15:48:01 +0000 [ERROR] request="23952a145fd00" component="TYPO3.CMS.Core.Localization.Locales": Locale "en_US.UTF-8" and  "en_US" not found. 
Mon, 04 May 2026 15:48:01 +0000 [ERROR] request="23952a145fd00" component="TYPO3.CMS.Core.Domain.Repository.PageRepository": Page shortcuts were looping in uids 3,3...! 
Mon, 04 May 2026 15:48:01 +0000 [CRITICAL] request="23952a145fd00" component="TYPO3.CMS.Core.Error.ProductionExceptionHandler": Core: Exception handler (WEB): Uncaught TYPO3 Exception: #1294587212: Page shortcuts were looping in uids 3,3...! | RuntimeException thrown in file /var/www/html/typo3_src-10.4.37/typo3/sysext/core/Classes/Domain/Repository/PageRepository.php in line 1024. Requested URL: http://localhost:8081/projekt/ - {"TYPO3_MODE":"FE","exception":null}
Mon, 04 May 2026 15:48:04 +0000 [ERROR] request="29a9b669c2b9f" component="TYPO3.CMS.Core.Localization.Locales": Locale "en_US.UTF-8" and  "en_US" not found. 
Mon, 04 May 2026 15:48:04 +0000 [ERROR] request="29a9b669c2b9f" component="TYPO3.CMS.Core.Domain.Repository.PageRepository": Page shortcuts were looping in uids 3,3...! 
Mon, 04 May 2026 15:48:04 +0000 [CRITICAL] request="29a9b669c2b9f" component="TYPO3.CMS.Core.Error.ProductionExceptionHandler": Core: Exception handler (WEB): Uncaught TYPO3 Exception: #1294587212: Page shortcuts were looping in uids 3,3...! | RuntimeException thrown in file /var/www/html/typo3_src-10.4.37/typo3/sysext/core/Classes/Domain/Repository/PageRepository.php in line 1024. Requested URL: http://localhost:8081/projekt/ - {"TYPO3_MODE":"FE","exception":null}
Mon, 04 May 2026 15:48:10 +0000 [ERROR] request="0ed25b0e366cc" component="TYPO3.CMS.Core.Localization.Locales": Locale "en_US.UTF-8" and  "en_US" not found. 
Mon, 04 May 2026 15:49:18 +0000 [ERROR] request="d5fd88a0da6e3" component="TYPO3.CMS.Core.Localization.Locales": Locale "en_US.UTF-8" and  "en_US" not found. 
Mon, 04 May 2026 15:49:19 +0000 [ERROR] request="fabc0d79a065c" component="TYPO3.CMS.Core.Localization.Locales": Locale "en_US.UTF-8" and  "en_US" not found. 
Mon, 04 May 2026 15:49:19 +0000 [ERROR] request="23eaab78aea07" component="TYPO3.CMS.Core.Localization.Locales": Locale "en_US.UTF-8" and  "en_US" not found. 
Mon, 04 May 2026 15:49:20 +0000 [ERROR] request="ac21a5fde61a5" component="TYPO3.CMS.Core.Localization.Locales": Locale "en_US.UTF-8" and  "en_US" not found. 
Mon, 04 May 2026 15:49:40 +0000 [ERROR] request="dc92d4a097556" component="TYPO3.CMS.Core.Localization.Locales": Locale "en_US.UTF-8" and  "en_US" not found. 
Mon, 04 May 2026 15:49:40 +0000 [ERROR] request="dc92d4a097556" component="TYPO3.CMS.Core.Domain.Repository.PageRepository": Page shortcuts were looping in uids 3,3...! 
Mon, 04 May 2026 15:49:40 +0000 [CRITICAL] request="dc92d4a097556" component="TYPO3.CMS.Core.Error.ProductionExceptionHandler": Core: Exception handler (WEB): Uncaught TYPO3 Exception: #1294587212: Page shortcuts were looping in uids 3,3...! | RuntimeException thrown in file /var/www/html/typo3_src-10.4.37/typo3/sysext/core/Classes/Domain/Repository/PageRepository.php in line 1024. Requested URL: http://localhost:8081/projekt/ - {"TYPO3_MODE":"FE","exception":null}
Mon, 04 May 2026 15:49:44 +0000 [ERROR] request="7f3c22f05b4d4" component="TYPO3.CMS.Core.Localization.Locales": Locale "en_US.UTF-8" and  "en_US" not found. 
Mon, 04 May 2026 15:50:37 +0000 [ERROR] request="f8e7816f59501" component="TYPO3.CMS.Core.Localization.Locales": Locale "en_US.UTF-8" and  "en_US" not found. 
Mon, 04 May 2026 15:50:37 +0000 [ERROR] request="1214136a3155f" component="TYPO3.CMS.Core.Localization.Locales": Locale "en_US.UTF-8" and  "en_US" not found. 
Mon, 04 May 2026 15:50:37 +0000 [ERROR] request="9c5eed17e7982" component="TYPO3.CMS.Core.Localization.Locales": Locale "en_US.UTF-8" and  "en_US" not found. 
Mon, 04 May 2026 15:50:38 +0000 [ERROR] request="68e6494f90c94" component="TYPO3.CMS.Core.Localization.Locales": Locale "en_US.UTF-8" and  "en_US" not found. 
Mon, 04 May 2026 15:50:38 +0000 [ERROR] request="57b44f387b47b" component="TYPO3.CMS.Core.Localization.Locales": Locale "en_US.UTF-8" and  "en_US" not found. 
Mon, 04 May 2026 15:51:46 +0000 [ERROR] request="3b75e41b20352" component="TYPO3.CMS.Core.Localization.Locales": Locale "en_US.UTF-8" and  "en_US" not found. 
Mon, 04 May 2026 15:51:47 +0000 [ERROR] request="48c520ef76bce" component="TYPO3.CMS.Core.Localization.Locales": Locale "en_US.UTF-8" and  "en_US" not found. 
Mon, 04 May 2026 15:51:47 +0000 [ERROR] request="c2a65cddd3c3a" component="TYPO3.CMS.Core.Localization.Locales": Locale "en_US.UTF-8" and  "en_US" not found. 
Mon, 04 May 2026 15:51:47 +0000 [ERROR] request="469ef17b5e847" component="TYPO3.CMS.Core.Localization.Locales": Locale "en_US.UTF-8" and  "en_US" not found. 
Mon, 04 May 2026 15:51:53 +0000 [ERROR] request="ded2cc6b7fad8" component="TYPO3.CMS.Core.Localization.Locales": Locale "en_US.UTF-8" and  "en_US" not found. 
Mon, 04 May 2026 16:11:07 +0000 [ERROR] request="1add56320e668" component="TYPO3.CMS.Core.Localization.Locales": Locale "en_US.UTF-8" and  "en_US" not found. 
Mon, 04 May 2026 16:12:52 +0000 [ERROR] request="73dd2e7c8a4b4" component="TYPO3.CMS.Core.Localization.Locales": Locale "en_US.UTF-8" and  "en_US" not found. 
Mon, 04 May 2026 16:12:52 +0000 [ERROR] request="27937d8e9b609" component="TYPO3.CMS.Core.Localization.Locales": Locale "en_US.UTF-8" and  "en_US" not found. 
Mon, 04 May 2026 16:12:52 +0000 [ERROR] request="3fe957a53b8ad" component="TYPO3.CMS.Core.Localization.Locales": Locale "en_US.UTF-8" and  "en_US" not found. 
Mon, 04 May 2026 16:12:53 +0000 [ERROR] request="18df090a9da9a" component="TYPO3.CMS.Core.Localization.Locales": Locale "en_US.UTF-8" and  "en_US" not found. 
Mon, 04 May 2026 16:12:53 +0000 [ERROR] request="2358f9f8298a2" component="TYPO3.CMS.Core.Localization.Locales": Locale "en_US.UTF-8" and  "en_US" not found. 
Mon, 04 May 2026 16:13:47 +0000 [ERROR] request="f9570764f3fb4" component="TYPO3.CMS.Core.Localization.Locales": Locale "en_US.UTF-8" and  "en_US" not found. 
Mon, 04 May 2026 16:13:48 +0000 [ERROR] request="12357b0a63670" component="TYPO3.CMS.Core.Localization.Locales": Locale "en_US.UTF-8" and  "en_US" not found. 
Mon, 04 May 2026 16:13:48 +0000 [ERROR] request="cbc93582ce94e" component="TYPO3.CMS.Core.Localization.Locales": Locale "en_US.UTF-8" and  "en_US" not found. 
Mon, 04 May 2026 16:13:48 +0000 [ERROR] request="a4758e106eb23" component="TYPO3.CMS.Core.Localization.Locales": Locale "en_US.UTF-8" and  "en_US" not found. 
Mon, 04 May 2026 16:13:48 +0000 [ERROR] request="a708f05406c17" component="TYPO3.CMS.Core.Localization.Locales": Locale "en_US.UTF-8" and  "en_US" not found. 
Mon, 04 May 2026 16:13:48 +0000 [ERROR] request="d35448f96b23f" component="TYPO3.CMS.Core.Localization.Locales": Locale "en_US.UTF-8" and  "en_US" not found. 
Mon, 04 May 2026 16:13:48 +0000 [ERROR] request="748c28876d6f7" component="TYPO3.CMS.Core.Localization.Locales": Locale "en_US.UTF-8" and  "en_US" not found. 
Mon, 04 May 2026 16:17:16 +0000 [ERROR] request="f31282b9f3f5c" component="TYPO3.CMS.Core.Localization.Locales": Locale "en_US.UTF-8" and  "en_US" not found. 
Mon, 04 May 2026 16:17:52 +0000 [ERROR] request="49c509fd154c2" component="TYPO3.CMS.Core.Localization.Locales": Locale "en_US.UTF-8" and  "en_US" not found. 
Mon, 04 May 2026 16:17:53 +0000 [ERROR] request="c7fcd2f106ce8" component="TYPO3.CMS.Core.Localization.Locales": Locale "en_US.UTF-8" and  "en_US" not found. 
Mon, 04 May 2026 16:17:54 +0000 [ERROR] request="b3bf5bc3a991b" component="TYPO3.CMS.Core.Localization.Locales": Locale "en_US.UTF-8" and  "en_US" not found. 
Mon, 04 May 2026 16:17:54 +0000 [ERROR] request="75f6c046b94b0" component="TYPO3.CMS.Core.Localization.Locales": Locale "en_US.UTF-8" and  "en_US" not found. 
Mon, 04 May 2026 16:17:55 +0000 [ERROR] request="41ebcbc5d5f2c" component="TYPO3.CMS.Core.Localization.Locales": Locale "en_US.UTF-8" and  "en_US" not found. 
Mon, 04 May 2026 16:17:55 +0000 [ERROR] request="5244d1044e3e4" component="TYPO3.CMS.Core.Localization.Locales": Locale "en_US.UTF-8" and  "en_US" not found. 
Mon, 04 May 2026 16:17:56 +0000 [ERROR] request="0000303902a48" component="TYPO3.CMS.Core.Localization.Locales": Locale "en_US.UTF-8" and  "en_US" not found. 
Mon, 04 May 2026 16:17:57 +0000 [ERROR] request="65371d1850f08" component="TYPO3.CMS.Core.Localization.Locales": Locale "en_US.UTF-8" and  "en_US" not found. 
Mon, 04 May 2026 16:17:58 +0000 [ERROR] request="d88b582bf64b3" component="TYPO3.CMS.Core.Localization.Locales": Locale "en_US.UTF-8" and  "en_US" not found. 
Mon, 04 May 2026 16:17:58 +0000 [ERROR] request="cb45e228fc332" component="TYPO3.CMS.Core.Localization.Locales": Locale "en_US.UTF-8" and  "en_US" not found. 
Mon, 04 May 2026 16:17:59 +0000 [ERROR] request="421a5a6d3f656" component="TYPO3.CMS.Core.Localization.Locales": Locale "en_US.UTF-8" and  "en_US" not found. 
Mon, 04 May 2026 16:18:00 +0000 [ERROR] request="92d41527f8074" component="TYPO3.CMS.Core.Localization.Locales": Locale "en_US.UTF-8" and  "en_US" not found. 
Mon, 04 May 2026 16:18:58 +0000 [ERROR] request="198bb64af8108" component="TYPO3.CMS.Core.Localization.Locales": Locale "en_US.UTF-8" and  "en_US" not found. 
Mon, 04 May 2026 16:19:11 +0000 [ERROR] request="ef177be21250e" component="TYPO3.CMS.Core.Localization.Locales": Locale "en_US.UTF-8" and  "en_US" not found. 
Mon, 04 May 2026 16:20:44 +0000 [ERROR] request="9c9824c8b2b54" component="TYPO3.CMS.Core.Localization.Locales": Locale "en_US.UTF-8" and  "en_US" not found. 
Mon, 04 May 2026 16:20:45 +0000 [ERROR] request="fd9964b609116" component="TYPO3.CMS.Core.Localization.Locales": Locale "en_US.UTF-8" and  "en_US" not found. 
Mon, 04 May 2026 16:20:45 +0000 [ERROR] request="469a991279737" component="TYPO3.CMS.Core.Localization.Locales": Locale "en_US.UTF-8" and  "en_US" not found. 
Mon, 04 May 2026 16:20:45 +0000 [ERROR] request="4cc04b646a831" component="TYPO3.CMS.Core.Localization.Locales": Locale "en_US.UTF-8" and  "en_US" not found. 
Mon, 04 May 2026 16:22:13 +0000 [ERROR] request="eb55e9bc9de88" component="TYPO3.CMS.Core.Localization.Locales": Locale "en_US.UTF-8" and  "en_US" not found. 
Mon, 04 May 2026 16:22:46 +0000 [ERROR] request="544f88cb19078" component="TYPO3.CMS.Core.Localization.Locales": Locale "en_US.UTF-8" and  "en_US" not found. 
Mon, 04 May 2026 16:22:49 +0000 [ERROR] request="b75665d7d9a8f" component="TYPO3.CMS.Core.Localization.Locales": Locale "en_US.UTF-8" and  "en_US" not found. 
Mon, 04 May 2026 16:23:35 +0000 [ERROR] request="b6140529421b2" component="TYPO3.CMS.Core.Localization.Locales": Locale "en_US.UTF-8" and  "en_US" not found. 
Mon, 04 May 2026 16:23:37 +0000 [ERROR] request="ae1af3a5b558a" component="TYPO3.CMS.Core.Localization.Locales": Locale "en_US.UTF-8" and  "en_US" not found. 
Mon, 04 May 2026 16:23:42 +0000 [ERROR] request="e94cab2ed87d8" component="TYPO3.CMS.Core.Localization.Locales": Locale "en_US.UTF-8" and  "en_US" not found. 
Mon, 04 May 2026 16:24:00 +0000 [ERROR] request="d6bf4d4914998" component="TYPO3.CMS.Core.Localization.Locales": Locale "en_US.UTF-8" and  "en_US" not found. 
Mon, 04 May 2026 16:24:02 +0000 [ERROR] request="742866e777098" component="TYPO3.CMS.Core.Localization.Locales": Locale "en_US.UTF-8" and  "en_US" not found. 
Mon, 04 May 2026 16:24:03 +0000 [ERROR] request="79cf37b9a54d9" component="TYPO3.CMS.Core.Localization.Locales": Locale "en_US.UTF-8" and  "en_US" not found. 
Mon, 04 May 2026 16:24:04 +0000 [ERROR] request="af400f158bd86" component="TYPO3.CMS.Core.Localization.Locales": Locale "en_US.UTF-8" and  "en_US" not found. 
Mon, 04 May 2026 16:24:04 +0000 [ERROR] request="b610d94a71e44" component="TYPO3.CMS.Core.Localization.Locales": Locale "en_US.UTF-8" and  "en_US" not found. 
Mon, 04 May 2026 16:24:07 +0000 [ERROR] request="93e5cb1fe2d91" component="TYPO3.CMS.Core.Localization.Locales": Locale "en_US.UTF-8" and  "en_US" not found. 
Mon, 04 May 2026 16:25:11 +0000 [ERROR] request="bbf7bd4ea5e14" component="TYPO3.CMS.Core.Localization.Locales": Locale "en_US.UTF-8" and  "en_US" not found. 
Mon, 04 May 2026 16:26:55 +0000 [ERROR] request="167e9cb9927e3" component="TYPO3.CMS.Core.Localization.Locales": Locale "en_US.UTF-8" and  "en_US" not found. 
Mon, 04 May 2026 16:28:08 +0000 [ERROR] request="9d1f6ba1723a9" component="TYPO3.CMS.Core.Localization.Locales": Locale "en_US.UTF-8" and  "en_US" not found. 
Mon, 04 May 2026 16:28:09 +0000 [ERROR] request="aec1bc4183ee2" component="TYPO3.CMS.Core.Localization.Locales": Locale "en_US.UTF-8" and  "en_US" not found. 
Mon, 04 May 2026 16:28:12 +0000 [ERROR] request="2d2afff53d6d9" component="TYPO3.CMS.Core.Localization.Locales": Locale "en_US.UTF-8" and  "en_US" not found. 
Mon, 04 May 2026 16:28:15 +0000 [ERROR] request="c24b092646cee" component="TYPO3.CMS.Core.Localization.Locales": Locale "en_US.UTF-8" and  "en_US" not found. 
Mon, 04 May 2026 16:28:33 +0000 [ERROR] request="6a6515e49771b" component="TYPO3.CMS.Core.Localization.Locales": Locale "en_US.UTF-8" and  "en_US" not found. 
Mon, 04 May 2026 16:28:44 +0000 [ERROR] request="8c2c707487e62" component="TYPO3.CMS.Core.Localization.Locales": Locale "en_US.UTF-8" and  "en_US" not found. 
Mon, 04 May 2026 16:31:17 +0000 [ERROR] request="ea31c151efc37" component="TYPO3.CMS.Core.Localization.Locales": Locale "en_US.UTF-8" and  "en_US" not found. 
Mon, 04 May 2026 16:31:21 +0000 [ERROR] request="ce388d9828a1d" component="TYPO3.CMS.Core.Localization.Locales": Locale "en_US.UTF-8" and  "en_US" not found. 
Mon, 04 May 2026 16:31:39 +0000 [ERROR] request="ab2e9a5284102" component="TYPO3.CMS.Core.Localization.Locales": Locale "en_US.UTF-8" and  "en_US" not found. 
Mon, 04 May 2026 16:31:49 +0000 [ERROR] request="1c78e9da3762f" component="TYPO3.CMS.Core.Localization.Locales": Locale "en_US.UTF-8" and  "en_US" not found. 
Mon, 04 May 2026 16:35:41 +0000 [ERROR] request="985d75edfa2d3" component="TYPO3.CMS.Core.Localization.Locales": Locale "en_US.UTF-8" and  "en_US" not found. 
Mon, 04 May 2026 16:38:07 +0000 [ERROR] request="b627a25be2b3b" component="TYPO3.CMS.Core.Localization.Locales": Locale "en_US.UTF-8" and  "en_US" not found. 
Mon, 04 May 2026 16:39:33 +0000 [ERROR] request="0afd4201ffbba" component="TYPO3.CMS.Core.Localization.Locales": Locale "en_US.UTF-8" and  "en_US" not found. 
Mon, 04 May 2026 16:39:44 +0000 [ERROR] request="73802329f909f" component="TYPO3.CMS.Core.Localization.Locales": Locale "en_US.UTF-8" and  "en_US" not found. 
Mon, 04 May 2026 16:40:40 +0000 [ERROR] request="1389ce64adf71" component="TYPO3.CMS.Core.Localization.Locales": Locale "en_US.UTF-8" and  "en_US" not found. 
Mon, 04 May 2026 16:40:44 +0000 [ERROR] request="38ba2a20b6779" component="TYPO3.CMS.Core.Localization.Locales": Locale "en_US.UTF-8" and  "en_US" not found. 
Mon, 04 May 2026 16:40:45 +0000 [ERROR] request="e0e623fc3053f" component="TYPO3.CMS.Core.Localization.Locales": Locale "en_US.UTF-8" and  "en_US" not found. 
Mon, 04 May 2026 16:40:46 +0000 [ERROR] request="964bf0ca99674" component="TYPO3.CMS.Core.Localization.Locales": Locale "en_US.UTF-8" and  "en_US" not found. 
Mon, 04 May 2026 16:40:46 +0000 [ERROR] request="8ac538f2e1d35" component="TYPO3.CMS.Core.Localization.Locales": Locale "en_US.UTF-8" and  "en_US" not found. 
Mon, 04 May 2026 16:40:48 +0000 [ERROR] request="e81cfd2ac67ce" component="TYPO3.CMS.Core.Localization.Locales": Locale "en_US.UTF-8" and  "en_US" not found. 
Mon, 04 May 2026 16:40:48 +0000 [ERROR] request="795c6f6ed9381" component="TYPO3.CMS.Core.Localization.Locales": Locale "en_US.UTF-8" and  "en_US" not found. 
Mon, 04 May 2026 16:40:49 +0000 [ERROR] request="9a07e1ec7d3e5" component="TYPO3.CMS.Core.Localization.Locales": Locale "en_US.UTF-8" and  "en_US" not found. 
Mon, 04 May 2026 16:40:50 +0000 [ERROR] request="5edf6faf03189" component="TYPO3.CMS.Core.Localization.Locales": Locale "en_US.UTF-8" and  "en_US" not found. 
Mon, 04 May 2026 16:42:39 +0000 [ERROR] request="9d753e324c404" component="TYPO3.CMS.Core.Localization.Locales": Locale "en_US.UTF-8" and  "en_US" not found. 
Mon, 04 May 2026 16:42:42 +0000 [ERROR] request="aa281e2ec92f6" component="TYPO3.CMS.Core.Localization.Locales": Locale "en_US.UTF-8" and  "en_US" not found. 
Mon, 04 May 2026 16:42:43 +0000 [ERROR] request="815f4c6813e0d" component="TYPO3.CMS.Core.Localization.Locales": Locale "en_US.UTF-8" and  "en_US" not found. 
Mon, 04 May 2026 16:42:43 +0000 [ERROR] request="4dbccfa71e22d" component="TYPO3.CMS.Core.Localization.Locales": Locale "en_US.UTF-8" and  "en_US" not found. 
Mon, 04 May 2026 16:44:40 +0000 [ERROR] request="4bfc935b3f6cc" component="TYPO3.CMS.Core.Localization.Locales": Locale "en_US.UTF-8" and  "en_US" not found. 
Mon, 04 May 2026 16:44:40 +0000 [ERROR] request="71524c475f9fb" component="TYPO3.CMS.Core.Localization.Locales": Locale "en_US.UTF-8" and  "en_US" not found. 
Mon, 04 May 2026 16:44:45 +0000 [ERROR] request="a2472be45dd72" component="TYPO3.CMS.Core.Localization.Locales": Locale "en_US.UTF-8" and  "en_US" not found. 
Mon, 04 May 2026 16:44:57 +0000 [ERROR] request="ca5028afa92ce" component="TYPO3.CMS.Core.Localization.Locales": Locale "en_US.UTF-8" and  "en_US" not found. 
Mon, 04 May 2026 16:45:00 +0000 [ERROR] request="e48edceab72fe" component="TYPO3.CMS.Core.Localization.Locales": Locale "en_US.UTF-8" and  "en_US" not found. 
Mon, 04 May 2026 16:45:00 +0000 [ERROR] request="76e40f72d6467" component="TYPO3.CMS.Core.Localization.Locales": Locale "en_US.UTF-8" and  "en_US" not found. 
Mon, 04 May 2026 16:45:01 +0000 [ERROR] request="b82c4856e909e" component="TYPO3.CMS.Core.Localization.Locales": Locale "en_US.UTF-8" and  "en_US" not found. 
Mon, 04 May 2026 16:48:05 +0000 [ERROR] request="ce7ad76631a30" component="TYPO3.CMS.Core.Localization.Locales": Locale "en_US.UTF-8" and  "en_US" not found. 
Mon, 04 May 2026 16:48:07 +0000 [ERROR] request="751368db6ddce" component="TYPO3.CMS.Core.Localization.Locales": Locale "en_US.UTF-8" and  "en_US" not found. 
Mon, 04 May 2026 16:48:07 +0000 [ERROR] request="69a6e21878eae" component="TYPO3.CMS.Core.Localization.Locales": Locale "en_US.UTF-8" and  "en_US" not found. 
Mon, 04 May 2026 16:48:09 +0000 [ERROR] request="bf7a049fc32de" component="TYPO3.CMS.Core.Localization.Locales": Locale "en_US.UTF-8" and  "en_US" not found. 
Mon, 04 May 2026 16:48:09 +0000 [ERROR] request="f424b6f562cd5" component="TYPO3.CMS.Core.Localization.Locales": Locale "en_US.UTF-8" and  "en_US" not found. 
Mon, 04 May 2026 16:49:33 +0000 [ERROR] request="0a23b1579e4f4" component="TYPO3.CMS.Core.Localization.Locales": Locale "en_US.UTF-8" and  "en_US" not found. 
Mon, 04 May 2026 16:51:39 +0000 [ERROR] request="7e3daa40f6630" component="TYPO3.CMS.Core.Localization.Locales": Locale "en_US.UTF-8" and  "en_US" not found. 
Mon, 04 May 2026 16:54:49 +0000 [ERROR] request="78dbaf71a2973" component="TYPO3.CMS.Core.Localization.Locales": Locale "en_US.UTF-8" and  "en_US" not found. 
Mon, 04 May 2026 16:54:52 +0000 [ERROR] request="f436e901efe63" component="TYPO3.CMS.Core.Localization.Locales": Locale "en_US.UTF-8" and  "en_US" not found. 
Mon, 04 May 2026 16:55:16 +0000 [ERROR] request="9d38780567270" component="TYPO3.CMS.Core.Localization.Locales": Locale "en_US.UTF-8" and  "en_US" not found. 
Mon, 04 May 2026 16:55:17 +0000 [ERROR] request="dd14b91efb75f" component="TYPO3.CMS.Core.Localization.Locales": Locale "en_US.UTF-8" and  "en_US" not found. 
Mon, 04 May 2026 16:55:19 +0000 [ERROR] request="7b54f42b687ee" component="TYPO3.CMS.Core.Localization.Locales": Locale "en_US.UTF-8" and  "en_US" not found. 
Mon, 04 May 2026 16:55:27 +0000 [ERROR] request="5e3431ed76d1e" component="TYPO3.CMS.Core.Localization.Locales": Locale "en_US.UTF-8" and  "en_US" not found. 
Mon, 04 May 2026 16:55:54 +0000 [ERROR] request="117e1d6075579" component="TYPO3.CMS.Core.Localization.Locales": Locale "en_US.UTF-8" and  "en_US" not found. 
Mon, 04 May 2026 16:56:53 +0000 [ERROR] request="d9f8e28d8e578" component="TYPO3.CMS.Core.Localization.Locales": Locale "en_US.UTF-8" and  "en_US" not found. 
Mon, 04 May 2026 16:56:56 +0000 [ERROR] request="5bc8790e3660c" component="TYPO3.CMS.Core.Localization.Locales": Locale "en_US.UTF-8" and  "en_US" not found. 
Mon, 04 May 2026 16:57:01 +0000 [ERROR] request="971ff8f692fbd" component="TYPO3.CMS.Core.Localization.Locales": Locale "en_US.UTF-8" and  "en_US" not found. 
Mon, 04 May 2026 16:57:01 +0000 [ERROR] request="62b997ad45cd7" component="TYPO3.CMS.Core.Localization.Locales": Locale "en_US.UTF-8" and  "en_US" not found. 
Mon, 04 May 2026 16:57:02 +0000 [ERROR] request="6748ba5765c8c" component="TYPO3.CMS.Core.Localization.Locales": Locale "en_US.UTF-8" and  "en_US" not found. 
Mon, 04 May 2026 16:57:24 +0000 [ERROR] request="69260a09decb6" component="TYPO3.CMS.Core.Localization.Locales": Locale "en_US.UTF-8" and  "en_US" not found. 
Mon, 04 May 2026 16:57:28 +0000 [ERROR] request="75021b7b61559" component="TYPO3.CMS.Core.Localization.Locales": Locale "en_US.UTF-8" and  "en_US" not found. 
Mon, 04 May 2026 16:57:29 +0000 [ERROR] request="31de0d057da73" component="TYPO3.CMS.Core.Localization.Locales": Locale "en_US.UTF-8" and  "en_US" not found. 
Mon, 04 May 2026 16:57:30 +0000 [ERROR] request="92d171aaa9bbd" component="TYPO3.CMS.Core.Localization.Locales": Locale "en_US.UTF-8" and  "en_US" not found. 
Mon, 04 May 2026 16:57:32 +0000 [ERROR] request="54fb2f5557bbe" component="TYPO3.CMS.Core.Localization.Locales": Locale "en_US.UTF-8" and  "en_US" not found. 
Mon, 04 May 2026 16:57:33 +0000 [ERROR] request="52378615d517c" component="TYPO3.CMS.Core.Localization.Locales": Locale "en_US.UTF-8" and  "en_US" not found. 
Mon, 04 May 2026 16:57:36 +0000 [ERROR] request="c4d477190295d" component="TYPO3.CMS.Core.Localization.Locales": Locale "en_US.UTF-8" and  "en_US" not found. 
Mon, 04 May 2026 22:07:33 +0000 [ERROR] request="3447b11799849" component="TYPO3.CMS.Core.Localization.Locales": Locale "en_US.UTF-8" and  "en_US" not found. 
Mon, 04 May 2026 22:07:35 +0000 [ERROR] request="90697b738c638" component="TYPO3.CMS.Core.Localization.Locales": Locale "en_US.UTF-8" and  "en_US" not found. 
Mon, 04 May 2026 22:07:36 +0000 [ERROR] request="30e83b64b6c27" component="TYPO3.CMS.Core.Localization.Locales": Locale "en_US.UTF-8" and  "en_US" not found. 
Mon, 04 May 2026 22:07:39 +0000 [ERROR] request="222be56190132" component="TYPO3.CMS.Core.Localization.Locales": Locale "en_US.UTF-8" and  "en_US" not found. 
Mon, 04 May 2026 22:07:44 +0000 [ERROR] request="cbc0e4b176fdd" component="TYPO3.CMS.Core.Localization.Locales": Locale "en_US.UTF-8" and  "en_US" not found. 
Mon, 04 May 2026 22:07:46 +0000 [ERROR] request="f499039bf1d76" component="TYPO3.CMS.Core.Localization.Locales": Locale "en_US.UTF-8" and  "en_US" not found. 
Mon, 04 May 2026 22:07:47 +0000 [ERROR] request="4f99cf6f40776" component="TYPO3.CMS.Core.Localization.Locales": Locale "en_US.UTF-8" and  "en_US" not found. 
Mon, 04 May 2026 22:07:48 +0000 [ERROR] request="204bca0dadca8" component="TYPO3.CMS.Core.Localization.Locales": Locale "en_US.UTF-8" and  "en_US" not found. 
Mon, 04 May 2026 22:07:49 +0000 [ERROR] request="5c9fe6dddaa75" component="TYPO3.CMS.Core.Localization.Locales": Locale "en_US.UTF-8" and  "en_US" not found. 
Mon, 18 May 2026 10:44:37 +0000 [ERROR] request="d7b8958cbfc7d" component="TYPO3.CMS.Core.Localization.Locales": Locale "en_US.UTF-8" and  "en_US" not found. 
Mon, 18 May 2026 10:44:38 +0000 [ERROR] request="4869ce2ad6fee" component="TYPO3.CMS.Core.Localization.Locales": Locale "en_US.UTF-8" and  "en_US" not found. 
Mon, 18 May 2026 10:44:41 +0000 [ERROR] request="ed8b4964f1726" component="TYPO3.CMS.Core.Localization.Locales": Locale "en_US.UTF-8" and  "en_US" not found. 
Mon, 18 May 2026 10:44:47 +0000 [ERROR] request="c20c1c724e197" component="TYPO3.CMS.Core.Localization.Locales": Locale "en_US.UTF-8" and  "en_US" not found. 
Mon, 18 May 2026 10:44:48 +0000 [ERROR] request="a84814a972557" component="TYPO3.CMS.Core.Localization.Locales": Locale "en_US.UTF-8" and  "en_US" not found. 
Mon, 18 May 2026 10:44:50 +0000 [ERROR] request="0fa0be55760f8" component="TYPO3.CMS.Core.Localization.Locales": Locale "en_US.UTF-8" and  "en_US" not found. 
Mon, 18 May 2026 10:44:51 +0000 [ERROR] request="8e004ddaa6348" component="TYPO3.CMS.Core.Localization.Locales": Locale "en_US.UTF-8" and  "en_US" not found. 
Mon, 18 May 2026 10:44:52 +0000 [ERROR] request="9c5038d806c1e" component="TYPO3.CMS.Core.Localization.Locales": Locale "en_US.UTF-8" and  "en_US" not found. 
Mon, 18 May 2026 10:44:55 +0000 [ERROR] request="14ee11ac7e0d3" component="TYPO3.CMS.Core.Localization.Locales": Locale "en_US.UTF-8" and  "en_US" not found. 
Mon, 18 May 2026 10:44:57 +0000 [ERROR] request="82590799f92be" component="TYPO3.CMS.Core.Localization.Locales": Locale "en_US.UTF-8" and  "en_US" not found. 
Mon, 18 May 2026 10:45:04 +0000 [ERROR] request="712a1074d794d" component="TYPO3.CMS.Core.Localization.Locales": Locale "en_US.UTF-8" and  "en_US" not found. 
Mon, 18 May 2026 10:45:05 +0000 [ERROR] request="f7d3b532abdb5" component="TYPO3.CMS.Core.Localization.Locales": Locale "en_US.UTF-8" and  "en_US" not found. 
Mon, 18 May 2026 10:45:08 +0000 [ERROR] request="668282e7ba9fd" component="TYPO3.CMS.Core.Localization.Locales": Locale "en_US.UTF-8" and  "en_US" not found. 
Mon, 25 May 2026 15:20:24 +0000 [ERROR] request="84363e6a7d517" component="TYPO3.CMS.Core.Localization.Locales": Locale "en_US.UTF-8" and  "en_US" not found. 
Mon, 25 May 2026 15:20:26 +0000 [ERROR] request="eb9e4f96c0fb1" component="TYPO3.CMS.Core.Localization.Locales": Locale "en_US.UTF-8" and  "en_US" not found. 
Mon, 25 May 2026 15:20:38 +0000 [ERROR] request="d6caf36618b78" component="TYPO3.CMS.Core.Localization.Locales": Locale "en_US.UTF-8" and  "en_US" not found. 
Mon, 25 May 2026 15:20:39 +0000 [ERROR] request="2e6252237df29" component="TYPO3.CMS.Core.Localization.Locales": Locale "en_US.UTF-8" and  "en_US" not found. 
Mon, 25 May 2026 15:20:41 +0000 [ERROR] request="1a222f707f05f" component="TYPO3.CMS.Core.Localization.Locales": Locale "en_US.UTF-8" and  "en_US" not found. 
Mon, 25 May 2026 15:20:50 +0000 [ERROR] request="bf5b7f49af9f8" component="TYPO3.CMS.Core.Localization.Locales": Locale "en_US.UTF-8" and  "en_US" not found. 
Mon, 25 May 2026 15:20:51 +0000 [ERROR] request="6a9db83ff7ed8" component="TYPO3.CMS.Core.Localization.Locales": Locale "en_US.UTF-8" and  "en_US" not found. 
Mon, 25 May 2026 15:20:53 +0000 [ERROR] request="1f7b9d59f1ae4" component="TYPO3.CMS.Core.Localization.Locales": Locale "en_US.UTF-8" and  "en_US" not found. 
Mon, 25 May 2026 15:20:54 +0000 [ERROR] request="43db12159e362" component="TYPO3.CMS.Core.Localization.Locales": Locale "en_US.UTF-8" and  "en_US" not found. 
Mon, 25 May 2026 15:20:54 +0000 [ERROR] request="cbdb9c40cd809" component="TYPO3.CMS.Core.Localization.Locales": Locale "en_US.UTF-8" and  "en_US" not found. 
Mon, 25 May 2026 15:20:55 +0000 [ERROR] request="cb559ec9fcf1c" component="TYPO3.CMS.Core.Localization.Locales": Locale "en_US.UTF-8" and  "en_US" not found. 
Mon, 25 May 2026 15:20:56 +0000 [ERROR] request="8a4a33ba913bd" component="TYPO3.CMS.Core.Localization.Locales": Locale "en_US.UTF-8" and  "en_US" not found. 
Mon, 25 May 2026 15:22:47 +0000 [ERROR] request="f161267913f8c" component="TYPO3.CMS.Core.Localization.Locales": Locale "en_US.UTF-8" and  "en_US" not found. 
Mon, 25 May 2026 15:23:05 +0000 [ERROR] request="0409d3fadb84a" component="TYPO3.CMS.Core.Localization.Locales": Locale "en_US.UTF-8" and  "en_US" not found. 
Mon, 25 May 2026 15:23:07 +0000 [ERROR] request="ec85f1267d5b8" component="TYPO3.CMS.Core.Localization.Locales": Locale "en_US.UTF-8" and  "en_US" not found. 
Mon, 25 May 2026 15:23:13 +0000 [ERROR] request="c3026ab09d62a" component="TYPO3.CMS.Core.Localization.Locales": Locale "en_US.UTF-8" and  "en_US" not found. 
Mon, 25 May 2026 15:23:15 +0000 [ERROR] request="5127d68eebc68" component="TYPO3.CMS.Core.Localization.Locales": Locale "en_US.UTF-8" and  "en_US" not found. 
Mon, 25 May 2026 15:23:17 +0000 [ERROR] request="a3e9fba739142" component="TYPO3.CMS.Core.Localization.Locales": Locale "en_US.UTF-8" and  "en_US" not found. 
